[2018-04-17 16:19:07,085] WARN Writing to metrics Kafka topic will be disabled (io.confluent.support.metrics.PhoneHomeConfig:61)
[2018-04-17 16:19:07,089] ERROR No customer ID configured -- falling back to id 'anonymous' (io.confluent.support.metrics.BaseSupportConfig:342)
[2018-04-17 16:19:07,089] WARN Enforcing customer ID 'anonymous' (io.confluent.support.metrics.PhoneHomeConfig:66)
[2018-04-17 16:19:07,107] WARN Please note that the version check feature of KSQL is enabled.  With this enabled, this instance is configured to collect and report anonymously the version information to Confluent, Inc. ("Confluent") or its parent, subsidiaries, affiliates or service providers every 24hours.  This Metadata may be transferred to any country in which Confluent maintains facilities.  For a more in depth discussion of how Confluent processes such information, please read our Privacy Policy located at http://www.confluent.io/privacy. By proceeding with `confluent.support.metrics.enable=true`, you agree to all such collection, transfer and use of Version information by Confluent. You can turn the version check  feature off by setting `confluent.support.metrics.enable=false` in the KSQL configuration and restarting the KSQL.  See the Confluent Platform documentation for further information. (io.confluent.ksql.version.metrics.KsqlVersionCheckerAgent:69)
[2018-04-17 16:19:18,267] ERROR Could not submit metrics to Confluent: version-check.confluent.io: nodename nor servname provided, or not known (io.confluent.support.metrics.utils.WebClient:105)
[2018-04-17 16:19:18,267] ERROR Failed to submit metrics via secure endpoint, falling back to insecure endpoint (io.confluent.support.metrics.submitters.ConfluentSubmitter:138)
[2018-04-17 16:19:18,271] ERROR Could not submit metrics to Confluent: version-check.confluent.io (io.confluent.support.metrics.utils.WebClient:105)
[2018-04-17 16:19:18,271] ERROR Failed to submit metrics to Confluent via insecure endpoint=http://version-check.confluent.io/ksql/anon -- giving up (io.confluent.support.metrics.submitters.ConfluentSubmitter:168)
[2018-04-17 16:19:33,973] ERROR  (io.confluent.ksql.cli.Cli:153)
io.confluent.ksql.parser.exception.ParseFailedException: line 1:1: extraneous input 'exitz' expecting {<EOF>, '(', 'SELECT', 'VALUES', 'CREATE', 'REGISTER', 'TABLE', 'DESCRIBE', 'PRINT', 'EXPLAIN', 'SHOW', 'LIST', 'TERMINATE', 'LOAD', 'DROP', 'SET', 'EXPORT', 'UNSET', 'RUN'}
	at io.confluent.ksql.parser.KsqlParser.getStatements(KsqlParser.java:72)
	at io.confluent.ksql.cli.Cli.handleStatements(Cli.java:283)
	at io.confluent.ksql.cli.Cli.handleLine(Cli.java:246)
	at io.confluent.ksql.cli.Cli.runInteractively(Cli.java:147)
	at io.confluent.ksql.Ksql.main(Ksql.java:59)
Caused by: io.confluent.ksql.parser.ParsingException: line 1:1: extraneous input 'exitz' expecting {<EOF>, '(', 'SELECT', 'VALUES', 'CREATE', 'REGISTER', 'TABLE', 'DESCRIBE', 'PRINT', 'EXPLAIN', 'SHOW', 'LIST', 'TERMINATE', 'LOAD', 'DROP', 'SET', 'EXPORT', 'UNSET', 'RUN'}
	at io.confluent.ksql.parser.KsqlParser$1.syntaxError(KsqlParser.java:124)
	at org.antlr.v4.runtime.ProxyErrorListener.syntaxError(ProxyErrorListener.java:41)
	at org.antlr.v4.runtime.Parser.notifyErrorListeners(Parser.java:544)
	at org.antlr.v4.runtime.DefaultErrorStrategy.reportUnwantedToken(DefaultErrorStrategy.java:349)
	at org.antlr.v4.runtime.DefaultErrorStrategy.singleTokenDeletion(DefaultErrorStrategy.java:513)
	at org.antlr.v4.runtime.DefaultErrorStrategy.sync(DefaultErrorStrategy.java:238)
	at io.confluent.ksql.parser.SqlBaseParser.statements(SqlBaseParser.java:247)
	at io.confluent.ksql.parser.KsqlParser.getParseTree(KsqlParser.java:107)
	at io.confluent.ksql.parser.KsqlParser.getStatements(KsqlParser.java:68)
	... 4 more
